Watching for file changes with StatReloader
[08/Jul/2026 19:58:58] "GET / HTTP/1.1" 200 1922
[08/Jul/2026 19:58:58] "GET /static/css/styles.css HTTP/1.1" 200 1030
[08/Jul/2026 19:59:52] "GET / HTTP/1.1" 200 1922
[08/Jul/2026 19:59:52] "GET /static/css/styles.css HTTP/1.1" 200 1030
[08/Jul/2026 19:59:54] "POST / HTTP/1.1" 200 2034
[08/Jul/2026 20:01:18] "GET / HTTP/1.1" 200 1922
[08/Jul/2026 20:01:18] "GET /static/css/styles.css HTTP/1.1" 200 1030
[08/Jul/2026 20:01:19] "POST / HTTP/1.1" 302 0
[08/Jul/2026 20:01:19] "GET /dashboard/ HTTP/1.1" 200 3565
[08/Jul/2026 20:01:19] "GET /solicitudes/ HTTP/1.1" 200 2878
/app/Compras_APP/views.py changed, reloading.
Performing system checks...

System check identified no issues (0 silenced).
July 08, 2026 - 19:58:08
Django version 6.0.6, using settings 'config.settings'
Starting development server at http://0.0.0.0:8000/
Quit the server with CONTROL-C.

WARNING: This is a development server. Do not use it in a production setting. Use a production WSGI or ASGI server instead.
For more information on production servers see: https://docs.djangoproject.com/en/6.0/howto/deployment/
Watching for file changes with StatReloader
